  Source.cpp
Source.cpp(120): warning C4244: =: преобразование "double" в "int", возможна потеря данных
Source.cpp(140): warning C4244: инициализация: преобразование "__int64" в "int", возможна потеря данных
Source.cpp(157): warning C4244: инициализация: преобразование "__int64" в "int", возможна потеря данных
Source.cpp(174): warning C4018: <: несоответствие типов со знаком и без знака
Source.cpp(178): warning C4018: <: несоответствие типов со знаком и без знака
Source.cpp(181): warning C4244: аргумент: преобразование "double" в "const int", возможна потеря данных
Source.cpp(205): warning C4244: аргумент: преобразование "double" в "const int", возможна потеря данных
Source.cpp(227): warning C4018: <: несоответствие типов со знаком и без знака
Source.cpp(233): warning C4244: аргумент: преобразование "double" в "const int", возможна потеря данных
Source.cpp(256): warning C4244: аргумент: преобразование "double" в "const int", возможна потеря данных
Source.cpp(291): warning C4244: инициализация: преобразование "double" в "int", возможна потеря данных
Source.cpp(292): warning C4244: инициализация: преобразование "double" в "int", возможна потеря данных
Source.cpp(293): warning C4244: инициализация: преобразование "double" в "int", возможна потеря данных
Source.cpp(186): warning C4101: x: неиспользованная локальная переменная
Source.cpp(238): warning C4101: x: неиспользованная локальная переменная
  Создание кода
  2 of 876 functions ( 0.2%) were compiled, the rest were copied from previous compilation.
    0 functions were new in current compilation
    19 functions had inline decision re-evaluated but remain unchanged
  Создание кода завершено
  JpegIntoBmp.vcxproj -> D:\visual studio workspace\JpegIntoBmp\Release\JpegIntoBmp.exe
  JpegIntoBmp.vcxproj -> D:\visual studio workspace\JpegIntoBmp\Release\JpegIntoBmp.pdb (Full PDB)
